<?xml version="1.0" encoding="UTF-8"?>
<!-- Generated by org.testng.reporters.JUnitXMLReporter -->
<testsuite ignored="0" hostname="JB" failures="0" tests="4" name="Default test" time="4.193" errors="0" timestamp="2022-01-19T17:13:03 EST">
  <testcase classname="QA" name="compareContent" time="0.068"/>
  <testcase classname="QA" name="compareDataRowNumber" time="1.174"/>
  <testcase classname="QA" name="compareHeaderNumber" time="0.21"/>
  <testcase classname="QA" name="compareHeaderOrderAndContent" time="0.18"/>
</testsuite> <!-- Default test -->
