<?xml version="1.0" encoding="UTF-8"?>
<!-- Generated by org.testng.reporters.JUnitXMLReporter -->
<testsuite ignored="0" hostname="JB" failures="0" tests="4" name="Default test" time="3.325" errors="0" timestamp="2022-01-21T16:54:29 EST">
  <testcase classname="QAUnitTest" name="testGetHeaders" time="1.062"/>
  <testcase classname="QAUnitTest" name="testGetHeadersRow" time="0.221"/>
  <testcase classname="QAUnitTest" name="testGetRow" time="0.078"/>
  <testcase classname="QAUnitTest" name="testGetRows" time="0.049"/>
</testsuite> <!-- Default test -->
