<?xml version="1.0" encoding="UTF-8"?>
<testng-results ignored="0" total="2" passed="2" failed="0" skipped="0">
  <reporter-output>
  </reporter-output>
  <suite started-at="2022-01-20T15:41:57 EST" name="Default suite" finished-at="2022-01-20T15:42:01 EST" duration-ms="4248">
    <groups>
    </groups>
    <test started-at="2022-01-20T15:41:57 EST" name="Default test" finished-at="2022-01-20T15:42:01 EST" duration-ms="4248">
      <class name="QATest">
        <test-method is-config="true" signature="initializeDriver()[pri:0, instance:QATest@e056f20]" started-at="2022-01-20T15:41:57 EST" name="initializeDriver" finished-at="2022-01-20T15:41:59 EST" duration-ms="2557" status="PASS">
          <reporter-output>
          </reporter-output>
        </test-method> <!-- initializeDriver -->
        <test-method signature="compareContentAndRows()[pri:0, instance:QATest@e056f20]" started-at="2022-01-20T15:41:59 EST" name="compareContentAndRows" finished-at="2022-01-20T15:42:00 EST" duration-ms="1294" status="PASS">
          <reporter-output>
          </reporter-output>
        </test-method> <!-- compareContentAndRows -->
        <test-method signature="compareHeaderOrderAndColumnNumber()[pri:0, instance:QATest@e056f20]" started-at="2022-01-20T15:42:00 EST" name="compareHeaderOrderAndColumnNumber" finished-at="2022-01-20T15:42:01 EST" duration-ms="342" status="PASS">
          <reporter-output>
          </reporter-output>
        </test-method> <!-- compareHeaderOrderAndColumnNumber -->
      </class> <!-- QATest -->
    </test> <!-- Default test -->
  </suite> <!-- Default suite -->
</testng-results>
