<?xml version="1.0" encoding="UTF-8"?>
<testng-results ignored="0" total="4" passed="4" failed="0" skipped="0">
  <reporter-output>
  </reporter-output>
  <suite started-at="2022-01-19T17:12:59 EST" name="Default suite" finished-at="2022-01-19T17:13:03 EST" duration-ms="4193">
    <groups>
    </groups>
    <test started-at="2022-01-19T17:12:59 EST" name="Default test" finished-at="2022-01-19T17:13:03 EST" duration-ms="4193">
      <class name="QA">
        <test-method is-config="true" signature="initializeDriver()[pri:0, instance:QA@9225652]" started-at="2022-01-19T17:12:59 EST" name="initializeDriver" finished-at="2022-01-19T17:13:02 EST" duration-ms="2490" status="PASS">
          <reporter-output>
          </reporter-output>
        </test-method> <!-- initializeDriver -->
        <test-method signature="compareContent()[pri:0, instance:QA@9225652]" started-at="2022-01-19T17:13:02 EST" name="compareContent" finished-at="2022-01-19T17:13:02 EST" duration-ms="68" status="PASS">
          <reporter-output>
          </reporter-output>
        </test-method> <!-- compareContent -->
        <test-method signature="compareDataRowNumber()[pri:0, instance:QA@9225652]" started-at="2022-01-19T17:13:02 EST" name="compareDataRowNumber" finished-at="2022-01-19T17:13:03 EST" duration-ms="1174" status="PASS">
          <reporter-output>
          </reporter-output>
        </test-method> <!-- compareDataRowNumber -->
        <test-method signature="compareHeaderNumber()[pri:0, instance:QA@9225652]" started-at="2022-01-19T17:13:03 EST" name="compareHeaderNumber" finished-at="2022-01-19T17:13:03 EST" duration-ms="210" status="PASS">
          <reporter-output>
          </reporter-output>
        </test-method> <!-- compareHeaderNumber -->
        <test-method signature="compareHeaderOrderAndContent()[pri:0, instance:QA@9225652]" started-at="2022-01-19T17:13:03 EST" name="compareHeaderOrderAndContent" finished-at="2022-01-19T17:13:03 EST" duration-ms="180" status="PASS">
          <reporter-output>
          </reporter-output>
        </test-method> <!-- compareHeaderOrderAndContent -->
      </class> <!-- QA -->
    </test> <!-- Default test -->
  </suite> <!-- Default suite -->
</testng-results>
